<?xml version="1.0" encoding="UTF-8"?>
<testng-results skipped="0" failed="0" ignored="0" total="1" passed="1">
  <reporter-output>
  </reporter-output>
  <suite name="Default suite" duration-ms="7441" started-at="2019-03-06T02:18:54Z" finished-at="2019-03-06T02:19:01Z">
    <groups>
    </groups>
    <test name="Default test" duration-ms="7441" started-at="2019-03-06T02:18:54Z" finished-at="2019-03-06T02:19:01Z">
      <class name="com.suryam.Buildtest.Way2SmsTest">
        <test-method status="PASS" signature="driver_intitialization()[pri:0, instance:com.suryam.Buildtest.Way2SmsTest@1ed828d]" name="driver_intitialization" is-config="true" duration-ms="2824" started-at="2019-03-06T02:18:54Z" finished-at="2019-03-06T02:18:57Z">
          <reporter-output>
          </reporter-output>
        </test-method> <!-- driver_intitialization -->
        <test-method status="PASS" signature="Login()[pri:0, instance:com.suryam.Buildtest.Way2SmsTest@1ed828d]" name="Login" duration-ms="4544" started-at="2019-03-06T02:18:57Z" finished-at="2019-03-06T02:19:01Z">
          <reporter-output>
          </reporter-output>
        </test-method> <!-- Login -->
      </class> <!-- com.suryam.Buildtest.Way2SmsTest -->
    </test> <!-- Default test -->
  </suite> <!-- Default suite -->
</testng-results>
